

Microchip Technology PIC PRO Macro Assembler V1.33 build 59893 
                                                                                               Thu May 17 16:28:30 2018

Microchip Technology Omniscient Code Generator (PRO mode) build 59893
     1                           	processor	12C508A
     2                           	opt	pw 120
     3                           	opt	pm
     4                           	psect	nvBANK0,global,class=BANK0,space=1,delta=1
     5                           	psect	cinit,global,class=ENTRY,merge=1,delta=2
     6                           	psect	bssBANK0,global,class=BANK0,space=1,delta=1
     7                           	psect	cstackCOMMON,global,class=COMMON,space=1,delta=1
     8                           	psect	cstackBANK0,global,class=BANK0,space=1,delta=1
     9                           	psect	maintext,global,class=CODE,split=1,delta=2
    10                           	dabs	1,0x1C,4
    11  0000                     	;# 
    12  0001                     	;# 
    13  0002                     	;# 
    14  0003                     	;# 
    15  0004                     	;# 
    16  0005                     	;# 
    17  0006                     	;# 
    18                           
    19                           	psect	nvBANK0
    20  00F                     __pnvBANK0:	
    21  00F                     _led_tmr:	
    22  00F                     	ds	1
    23  010                     _output_tmr:	
    24  010                     	ds	1
    25  0006                     _GPIO	set	6
    26  0000                     _OPTION	set	0
    27  0001                     _TMR0	set	1
    28  0006                     _TRIS	set	6
    29  0030                     _GP0	set	48
    30  0031                     _GP1	set	49
    31  0032                     _GP2	set	50
    32  0033                     _GP3	set	51
    33  0034                     _GP4	set	52
    34  0035                     _GP5	set	53
    35                           
    36                           ; #config settings
    37  0003                     
    38                           	psect	cinit
    39  003                     start_initialization:	
    40  003                     __initialization:	
    41                           
    42                           ; Clear objects allocated to BANK0
    43  003  067                	clrf	__pbssBANK0& (0+31)
    44  004  068                	clrf	(__pbssBANK0+1)& (0+31)
    45  005  069                	clrf	(__pbssBANK0+2)& (0+31)
    46  006  06A                	clrf	(__pbssBANK0+3)& (0+31)
    47  007  06B                	clrf	(__pbssBANK0+4)& (0+31)
    48  008  06C                	clrf	(__pbssBANK0+5)& (0+31)
    49  009  06D                	clrf	(__pbssBANK0+6)& (0+31)
    50  00A  06E                	clrf	(__pbssBANK0+7)& (0+31)
    51  00B                     end_of_initialization:	
    52                           ;End of C runtime variable initialization code
    53                           
    54  00B                     __end_of__initialization:	
    55  00B  064                	clrf	4
    56  00C  AC0                	ljmp	_main	;jump to C main() function
    57                           
    58                           	psect	bssBANK0
    59  007                     __pbssBANK0:	
    60  007                     _counter:	
    61  007                     	ds	2
    62  009                     _dip_sw_value:	
    63  009                     	ds	2
    64  00B                     _dip_sw_pcnt:	
    65  00B                     	ds	1
    66  00C                     _hc164_shift:	
    67  00C                     	ds	1
    68  00D                     _sys_flags:	
    69  00D                     	ds	1
    70  00E                     _tmp1:	
    71  00E                     	ds	1
    72                           
    73                           	psect	cstackCOMMON
    74  000                     __pcstackCOMMON:	
    75  000                     ??_main:	
    76                           
    77                           	psect	cstackBANK0
    78  000                     __pcstackBANK0:	
    79                           ; 0 bytes @ 0x0
    80                           
    81  000                     ?_main:	
    82                           
    83                           	psect	maintext
    84  0C0                     __pmaintext:	
    85                           ; 0 bytes @ 0x0
    86 ;;
    87 ;;Main: autosize = 0, tempsize = 0, incstack = 0, save=0
    88 ;;
    89 ;; *************** function _main *****************
    90 ;; Defined at:
    91 ;;		line 125 in file "main.c"
    92 ;; Parameters:    Size  Location     Type
    93 ;;		None
    94 ;; Auto vars:     Size  Location     Type
    95 ;;		None
    96 ;; Return value:  Size  Location     Type
    97 ;;		None               void
    98 ;; Registers used:
    99 ;;		wreg, fsr0l, fsr0h, status,2, status,0, btemp+0, btemp+1, btemp+2, btemp+3
   100 ;; Tracked objects:
   101 ;;		On entry : 17F/0
   102 ;;		On exit  : 0/0
   103 ;;		Unchanged: 0/0
   104 ;; Data sizes:     COMMON   BANK0
   105 ;;      Params:         0       0
   106 ;;      Locals:         0       0
   107 ;;      Temps:          0       0
   108 ;;      Totals:         0       0
   109 ;;Total ram usage:        0 bytes
   110 ;; This function calls:
   111 ;;		Nothing
   112 ;; This function is called by:
   113 ;;		Startup code after reset
   114 ;; This function uses a non-reentrant model
   115 ;;
   116                           
   117                           
   118                           ;psect for function _main
   119  0C0                     _main:	
   120                           
   121                           ;main.c: 128: GPIO = 0x00;
   122                           
   123                           ;incstack = 0
   124                           ; Regs used in _main: [wreg-fsr0h+status,2-btemp+3]
   125  0C0  066                	clrf	6	;volatile
   126                           
   127                           ;main.c: 129: TRIS = 0b00111000;
   128  0C1  C38                	movlw	56
   129  0C2  006                	tris	6
   130                           
   131                           ;main.c: 130: OPTION = 0b11000111;
   132  0C3  CC7                	movlw	199
   133  0C4  002                	option
   134                           
   135                           ;main.c: 131: TMR0 = 61;
   136  0C5  C3D                	movlw	61
   137  0C6  021                	movwf	1	;volatile
   138                           
   139                           ;main.c: 134: sys_flags.b0 = GP3;
   140  0C7  C00                	movlw	0
   141  0C8  666                	btfsc	6,3	;volatile
   142  0C9  C01                	movlw	1
   143  0CA  03F                	movwf	31
   144  0CB  21F                	movf	31,w
   145  0CC  743                	skipz
   146  0CD  50D                	bsf	_sys_flags,0
   147  0CE  643                	skipnz
   148  0CF  40D                	bcf	_sys_flags,0
   149                           
   150                           ;main.c: 135: sys_flags.b1 = GP4;
   151  0D0  C00                	movlw	0
   152  0D1  686                	btfsc	6,4	;volatile
   153  0D2  C01                	movlw	1
   154  0D3  03F                	movwf	31
   155  0D4  21F                	movf	31,w
   156  0D5  743                	skipz
   157  0D6  52D                	bsf	_sys_flags,1
   158  0D7  643                	skipnz
   159  0D8  42D                	bcf	_sys_flags,1
   160                           
   161                           ;main.c: 136: GP1 = 0;
   162  0D9  426                	bcf	6,1	;volatile
   163                           
   164                           ;main.c: 137: GP2 = 0;
   165  0DA  446                	bcf	6,2	;volatile
   166                           
   167                           ;main.c: 138: GP2 = 1;
   168  0DB  546                	bsf	6,2	;volatile
   169  0DC  C28                	movlw	40
   170                           
   171                           ;main.c: 139: dip_sw_pcnt = 0;
   172  0DD  06B                	clrf	_dip_sw_pcnt
   173                           
   174                           ;main.c: 140: led_tmr = 40;
   175  0DE  02F                	movwf	_led_tmr
   176                           
   177                           ;main.c: 141: output_tmr = 40;
   178  0DF  030                	movwf	_output_tmr
   179  0E0  C3F                	movlw	63
   180                           
   181                           ;main.c: 143: (hc164_shift.b6 = 1);
   182  0E1  5CC                	bsf	_hc164_shift,6
   183                           
   184                           ;main.c: 144: (hc164_shift.b7 = 0);
   185  0E2  4EC                	bcf	_hc164_shift,7
   186                           
   187                           ;main.c: 145: (hc164_shift._byte |= 0b00111111);
   188  0E3  12C                	iorwf	_hc164_shift,f
   189                           
   190                           ;main.c: 146: (sys_flags.b3 = 1, dip_sw_pcnt = 0);
   191  0E4  56D                	bsf	_sys_flags,3
   192  0E5  06B                	clrf	_dip_sw_pcnt
   193                           
   194                           ;main.c: 147: (sys_flags.b5 = 1);
   195  0E6  5AD                	bsf	_sys_flags,5
   196  0E7                     l717:	
   197                           
   198                           ;main.c: 151: if (TMR0 == 0xff) {
   199  0E7  201                	movf	1,w	;volatile
   200  0E8  FFF                	xorlw	255
   201  0E9  743                	skipz
   202  0EA  AFF                	goto	l735
   203                           
   204                           ;main.c: 152: TMR0 = 61;
   205  0EB  C3D                	movlw	61
   206  0EC  021                	movwf	1	;volatile
   207                           
   208                           ;main.c: 154: if (output_tmr) --output_tmr;
   209  0ED  210                	movf	_output_tmr,w
   210  0EE  643                	btfsc	3,2
   211  0EF  AF2                	goto	l723
   212  0F0  0F0                	decf	_output_tmr,f
   213  0F1  AF6                	goto	l727
   214  0F2                     l723:	
   215                           
   216                           ;main.c: 155: else if ((hc164_shift.b7 == 0)) {
   217  0F2  6EC                	btfsc	_hc164_shift,7
   218  0F3  AF6                	goto	l727
   219                           
   220                           ;main.c: 156: (hc164_shift.b7 = 1);
   221  0F4  5EC                	bsf	_hc164_shift,7
   222                           
   223                           ;main.c: 157: (sys_flags.b5 = 1);
   224  0F5  5AD                	bsf	_sys_flags,5
   225  0F6                     l727:	
   226                           
   227                           ;main.c: 158: }
   228                           ;main.c: 160: if (led_tmr) --led_tmr;
   229  0F6  20F                	movf	_led_tmr,w
   230  0F7  643                	btfsc	3,2
   231  0F8  AFB                	goto	l731
   232  0F9  0EF                	decf	_led_tmr,f
   233  0FA  AFF                	goto	l735
   234  0FB                     l731:	
   235                           
   236                           ;main.c: 161: else if ((hc164_shift.b6 == 1)) {
   237  0FB  7CC                	btfss	_hc164_shift,6
   238  0FC  AFF                	goto	l735
   239                           
   240                           ;main.c: 162: (hc164_shift.b6 = 0);
   241  0FD  4CC                	bcf	_hc164_shift,6
   242                           
   243                           ;main.c: 163: (sys_flags.b5 = 1);
   244  0FE  5AD                	bsf	_sys_flags,5
   245  0FF                     l735:	
   246                           
   247                           ;main.c: 164: }
   248                           ;main.c: 165: }
   249                           ;main.c: 167: if (sys_flags.b0 != GP3) {
   250  0FF  20D                	movf	_sys_flags,w
   251  100  E01                	andlw	1
   252  101  03F                	movwf	31
   253  102  C00                	movlw	0
   254  103  666                	btfsc	6,3	;volatile
   255  104  C01                	movlw	1
   256  105  19F                	xorwf	31,w
   257  106  643                	skipnz
   258  107  B23                	goto	l761
   259                           
   260                           ;main.c: 168: sys_flags.b0 = GP3;
   261  108  C00                	movlw	0
   262  109  666                	btfsc	6,3	;volatile
   263  10A  C01                	movlw	1
   264  10B  03F                	movwf	31
   265  10C  21F                	movf	31,w
   266  10D  743                	skipz
   267  10E  50D                	bsf	_sys_flags,0
   268  10F  643                	skipnz
   269  110  40D                	bcf	_sys_flags,0
   270                           
   271                           ;main.c: 169: if (GP3) {
   272  111  766                	btfss	6,3	;volatile
   273  112  B23                	goto	l761
   274                           
   275                           ;main.c: 170: if ((sys_flags.b2 == 1)) {
   276  113  74D                	btfss	_sys_flags,2
   277  114  B1C                	goto	l749
   278                           
   279                           ;main.c: 171: led_tmr = 40;
   280  115  C28                	movlw	40
   281  116  02F                	movwf	_led_tmr
   282  117  C28                	movlw	40
   283                           
   284                           ;main.c: 172: (hc164_shift.b6 = 1);
   285  118  5CC                	bsf	_hc164_shift,6
   286                           
   287                           ;main.c: 173: output_tmr = 40;
   288  119  030                	movwf	_output_tmr
   289                           
   290                           ;main.c: 174: (hc164_shift.b7 = 0);
   291  11A  4EC                	bcf	_hc164_shift,7
   292                           
   293                           ;main.c: 175: } else {
   294  11B  B20                	goto	l755
   295  11C                     l749:	
   296  11C  C02                	movlw	2
   297                           
   298                           ;main.c: 176: (hc164_shift.b7 = 1);
   299  11D  5EC                	bsf	_hc164_shift,7
   300                           
   301                           ;main.c: 177: led_tmr = 2;
   302  11E  02F                	movwf	_led_tmr
   303                           
   304                           ;main.c: 178: (hc164_shift.b6 = 1);
   305  11F  5CC                	bsf	_hc164_shift,6
   306  120                     l755:	
   307                           
   308                           ;main.c: 179: }
   309                           ;main.c: 180: (sys_flags.b5 = 1);
   310  120  5AD                	bsf	_sys_flags,5
   311                           
   312                           ;main.c: 181: (sys_flags.b3 = 1, dip_sw_pcnt = 0);
   313  121  56D                	bsf	_sys_flags,3
   314  122  06B                	clrf	_dip_sw_pcnt
   315  123                     l761:	
   316                           
   317                           ;main.c: 182: }
   318                           ;main.c: 183: }
   319                           ;main.c: 185: if (sys_flags.b1 != GP4) {
   320  123  30D                	rrf	_sys_flags,w
   321  124  E01                	andlw	1
   322  125  03F                	movwf	31
   323  126  C00                	movlw	0
   324  127  686                	btfsc	6,4	;volatile
   325  128  C01                	movlw	1
   326  129  19F                	xorwf	31,w
   327  12A  643                	skipnz
   328  12B  B5C                	goto	l51
   329                           
   330                           ;main.c: 186: sys_flags.b1 = GP4;
   331  12C  C00                	movlw	0
   332  12D  686                	btfsc	6,4	;volatile
   333  12E  C01                	movlw	1
   334  12F  03F                	movwf	31
   335  130  21F                	movf	31,w
   336  131  743                	skipz
   337  132  52D                	bsf	_sys_flags,1
   338  133  643                	skipnz
   339  134  42D                	bcf	_sys_flags,1
   340                           
   341                           ;main.c: 187: if (GP4) {
   342  135  786                	btfss	6,4	;volatile
   343  136  B5C                	goto	l51
   344                           
   345                           ;main.c: 188: if (counter) {
   346  137  208                	movf	_counter+1,w
   347  138  107                	iorwf	_counter,w
   348  139  643                	skipnz
   349  13A  B4A                	goto	l779
   350                           
   351                           ;main.c: 189: --counter;
   352  13B  C01                	movlw	1
   353  13C  03C                	movwf	28
   354  13D  07D                	clrf	29
   355  13E  0A7                	subwf	_counter,f
   356  13F  21D                	movf	29,w
   357  140  703                	skipc
   358  141  0E8                	decf	_counter+1,f
   359  142  0A8                	subwf	_counter+1,f
   360                           
   361                           ;main.c: 190: if (!led_tmr) led_tmr = 2;
   362  143  22F                	movf	_led_tmr,f
   363  144  743                	skipz
   364  145  B48                	goto	l775
   365  146  C02                	movlw	2
   366  147  02F                	movwf	_led_tmr
   367  148                     l775:	
   368                           
   369                           ;main.c: 191: (hc164_shift.b6 = 1);
   370  148  5CC                	bsf	_hc164_shift,6
   371                           
   372                           ;main.c: 192: (sys_flags.b5 = 1);
   373  149  5AD                	bsf	_sys_flags,5
   374  14A                     l779:	
   375                           
   376                           ;main.c: 193: }
   377                           ;main.c: 194: if (!counter) {
   378  14A  208                	movf	_counter+1,w
   379  14B  107                	iorwf	_counter,w
   380  14C  743                	skipz
   381  14D  B5C                	goto	l51
   382                           
   383                           ;main.c: 195: if ((sys_flags.b2 == 1)) {
   384  14E  74D                	btfss	_sys_flags,2
   385  14F  B59                	goto	l791
   386                           
   387                           ;main.c: 196: led_tmr = 40;
   388  150  C28                	movlw	40
   389  151  02F                	movwf	_led_tmr
   390  152  C28                	movlw	40
   391                           
   392                           ;main.c: 197: (hc164_shift.b6 = 1);
   393  153  5CC                	bsf	_hc164_shift,6
   394                           
   395                           ;main.c: 198: output_tmr = 40;
   396  154  030                	movwf	_output_tmr
   397                           
   398                           ;main.c: 199: (hc164_shift.b7 = 0);
   399  155  4EC                	bcf	_hc164_shift,7
   400                           
   401                           ;main.c: 200: (sys_flags.b3 = 1, dip_sw_pcnt = 0);
   402  156  56D                	bsf	_sys_flags,3
   403  157  06B                	clrf	_dip_sw_pcnt
   404                           
   405                           ;main.c: 201: } else {
   406  158  B5B                	goto	l57
   407  159                     l791:	
   408                           
   409                           ;main.c: 202: (hc164_shift.b7 = 1);
   410  159  5EC                	bsf	_hc164_shift,7
   411                           
   412                           ;main.c: 203: (hc164_shift.b6 = 0);
   413  15A  4CC                	bcf	_hc164_shift,6
   414  15B                     l57:	
   415                           
   416                           ;main.c: 204: }
   417                           ;main.c: 205: (sys_flags.b5 = 1);
   418  15B  5AD                	bsf	_sys_flags,5
   419  15C                     l51:	
   420                           
   421                           ;main.c: 206: }
   422                           ;main.c: 207: }
   423                           ;main.c: 208: }
   424                           ;main.c: 210: if ((sys_flags.b3 == 1)) {
   425  15C  76D                	btfss	_sys_flags,3
   426  15D  BDE                	goto	l893
   427                           
   428                           ;main.c: 211: if (dip_sw_pcnt == 0) {
   429  15E  22B                	movf	_dip_sw_pcnt,f
   430  15F  743                	skipz
   431  160  B68                	goto	l805
   432  161  C3F                	movlw	63
   433                           
   434                           ;main.c: 212: dip_sw_value = 0;
   435  162  069                	clrf	_dip_sw_value
   436  163  06A                	clrf	_dip_sw_value+1
   437                           
   438                           ;main.c: 213: ((hc164_shift._byte |= 0b00111111), hc164_shift.b0 = 0);
   439  164  12C                	iorwf	_hc164_shift,f
   440  165  40C                	bcf	_hc164_shift,0
   441  166                     l801:	
   442                           
   443                           ;main.c: 214: (sys_flags.b5 = 1);
   444  166  5AD                	bsf	_sys_flags,5
   445                           
   446                           ;main.c: 216: } else if (dip_sw_pcnt == 1) {
   447  167  BDD                	goto	l803
   448  168                     l805:	
   449  168  2CB                	decfsz	_dip_sw_pcnt,w
   450  169  B74                	goto	l819
   451                           
   452                           ;main.c: 217: if (GP5 == 0) dip_sw_value += 100;
   453  16A  6A6                	btfsc	6,5	;volatile
   454  16B  B70                	goto	l811
   455  16C  C64                	movlw	100
   456  16D  1E9                	addwf	_dip_sw_value,f
   457  16E  603                	skipnc
   458  16F  2AA                	incf	_dip_sw_value+1,f
   459  170                     l811:	
   460                           
   461                           ;main.c: 218: ((hc164_shift._byte |= 0b00111111), hc164_shift.b1 = 0);
   462  170  C3F                	movlw	63
   463  171  12C                	iorwf	_hc164_shift,f
   464  172  42C                	bcf	_hc164_shift,1
   465  173  B66                	goto	l801
   466  174                     l819:	
   467  174  20B                	movf	_dip_sw_pcnt,w
   468  175  F02                	xorlw	2
   469  176  743                	skipz
   470  177  B82                	goto	l833
   471                           
   472                           ;main.c: 222: if (GP5 == 0) dip_sw_value += 200;
   473  178  6A6                	btfsc	6,5	;volatile
   474  179  B7E                	goto	l825
   475  17A  CC8                	movlw	200
   476  17B  1E9                	addwf	_dip_sw_value,f
   477  17C  603                	skipnc
   478  17D  2AA                	incf	_dip_sw_value+1,f
   479  17E                     l825:	
   480                           
   481                           ;main.c: 223: ((hc164_shift._byte |= 0b00111111), hc164_shift.b2 = 0);
   482  17E  C3F                	movlw	63
   483  17F  12C                	iorwf	_hc164_shift,f
   484  180  44C                	bcf	_hc164_shift,2
   485  181  B66                	goto	l801
   486  182                     l833:	
   487  182  20B                	movf	_dip_sw_pcnt,w
   488  183  F03                	xorlw	3
   489  184  743                	skipz
   490  185  B96                	goto	l847
   491                           
   492                           ;main.c: 227: if (GP5 == 0) dip_sw_value += 400;
   493  186  6A6                	btfsc	6,5	;volatile
   494  187  B92                	goto	l839
   495  188  C90                	movlw	144
   496  189  03C                	movwf	28
   497  18A  C01                	movlw	1
   498  18B  03D                	movwf	29
   499  18C  21C                	movf	28,w
   500  18D  1E9                	addwf	_dip_sw_value,f
   501  18E  603                	skipnc
   502  18F  2AA                	incf	_dip_sw_value+1,f
   503  190  21D                	movf	29,w
   504  191  1EA                	addwf	_dip_sw_value+1,f
   505  192                     l839:	
   506                           
   507                           ;main.c: 228: ((hc164_shift._byte |= 0b00111111), hc164_shift.b3 = 0);
   508  192  C3F                	movlw	63
   509  193  12C                	iorwf	_hc164_shift,f
   510  194  46C                	bcf	_hc164_shift,3
   511  195  B66                	goto	l801
   512  196                     l847:	
   513  196  20B                	movf	_dip_sw_pcnt,w
   514  197  F04                	xorlw	4
   515  198  743                	skipz
   516  199  BAA                	goto	l861
   517                           
   518                           ;main.c: 232: if (GP5 == 0) dip_sw_value += 800;
   519  19A  6A6                	btfsc	6,5	;volatile
   520  19B  BA6                	goto	l853
   521  19C  C20                	movlw	32
   522  19D  03C                	movwf	28
   523  19E  C03                	movlw	3
   524  19F  03D                	movwf	29
   525  1A0  21C                	movf	28,w
   526  1A1  1E9                	addwf	_dip_sw_value,f
   527  1A2  603                	skipnc
   528  1A3  2AA                	incf	_dip_sw_value+1,f
   529  1A4  21D                	movf	29,w
   530  1A5  1EA                	addwf	_dip_sw_value+1,f
   531  1A6                     l853:	
   532                           
   533                           ;main.c: 233: ((hc164_shift._byte |= 0b00111111), hc164_shift.b4 = 0);
   534  1A6  C3F                	movlw	63
   535  1A7  12C                	iorwf	_hc164_shift,f
   536  1A8  48C                	bcf	_hc164_shift,4
   537  1A9  B66                	goto	l801
   538  1AA                     l861:	
   539  1AA  20B                	movf	_dip_sw_pcnt,w
   540  1AB  F05                	xorlw	5
   541  1AC  743                	skipz
   542  1AD  BBE                	goto	l875
   543                           
   544                           ;main.c: 237: if (GP5 == 0) dip_sw_value += 1600;
   545  1AE  6A6                	btfsc	6,5	;volatile
   546  1AF  BBA                	goto	l867
   547  1B0  C40                	movlw	64
   548  1B1  03C                	movwf	28
   549  1B2  C06                	movlw	6
   550  1B3  03D                	movwf	29
   551  1B4  21C                	movf	28,w
   552  1B5  1E9                	addwf	_dip_sw_value,f
   553  1B6  603                	skipnc
   554  1B7  2AA                	incf	_dip_sw_value+1,f
   555  1B8  21D                	movf	29,w
   556  1B9  1EA                	addwf	_dip_sw_value+1,f
   557  1BA                     l867:	
   558                           
   559                           ;main.c: 238: ((hc164_shift._byte |= 0b00111111), hc164_shift.b5 = 0);
   560  1BA  C3F                	movlw	63
   561  1BB  12C                	iorwf	_hc164_shift,f
   562  1BC  4AC                	bcf	_hc164_shift,5
   563  1BD  B66                	goto	l801
   564  1BE                     l875:	
   565  1BE  20B                	movf	_dip_sw_pcnt,w
   566  1BF  F06                	xorlw	6
   567  1C0  743                	skipz
   568  1C1  BDE                	goto	l893
   569                           
   570                           ;main.c: 242: if (GP5 == 0) dip_sw_value += 3200;
   571  1C2  6A6                	btfsc	6,5	;volatile
   572  1C3  BCE                	goto	l881
   573  1C4  C80                	movlw	128
   574  1C5  03C                	movwf	28
   575  1C6  C0C                	movlw	12
   576  1C7  03D                	movwf	29
   577  1C8  21C                	movf	28,w
   578  1C9  1E9                	addwf	_dip_sw_value,f
   579  1CA  603                	skipnc
   580  1CB  2AA                	incf	_dip_sw_value+1,f
   581  1CC  21D                	movf	29,w
   582  1CD  1EA                	addwf	_dip_sw_value+1,f
   583  1CE                     l881:	
   584                           
   585                           ;main.c: 243: (hc164_shift._byte |= 0b00111111);
   586  1CE  C3F                	movlw	63
   587  1CF  12C                	iorwf	_hc164_shift,f
   588                           
   589                           ;main.c: 244: counter = dip_sw_value;
   590  1D0  20A                	movf	_dip_sw_value+1,w
   591  1D1  028                	movwf	_counter+1
   592  1D2  209                	movf	_dip_sw_value,w
   593  1D3  027                	movwf	_counter
   594                           
   595                           ;main.c: 245: if (dip_sw_value == 0) (sys_flags.b2 = 0);
   596  1D4  20A                	movf	_dip_sw_value+1,w
   597  1D5  109                	iorwf	_dip_sw_value,w
   598  1D6  743                	skipz
   599  1D7  BDA                	goto	l889
   600  1D8  44D                	bcf	_sys_flags,2
   601  1D9  BDB                	goto	l79
   602  1DA                     l889:	
   603                           
   604                           ;main.c: 246: else (sys_flags.b2 = 1);
   605  1DA  54D                	bsf	_sys_flags,2
   606  1DB                     l79:	
   607                           
   608                           ;main.c: 247: (sys_flags.b5 = 1);
   609  1DB  5AD                	bsf	_sys_flags,5
   610                           
   611                           ;main.c: 248: (sys_flags.b3 = 0);
   612  1DC  46D                	bcf	_sys_flags,3
   613  1DD                     l803:	
   614                           
   615                           ;main.c: 215: ++dip_sw_pcnt;
   616  1DD  2AB                	incf	_dip_sw_pcnt,f
   617  1DE                     l893:	
   618                           
   619                           ;main.c: 250: }
   620                           ;main.c: 251: }
   621                           ;main.c: 253: if ((sys_flags.b5 == 1)) {
   622  1DE  7AD                	btfss	_sys_flags,5
   623  1DF  AE7                	goto	l717
   624                           
   625                           ;main.c: 254: tmp1 = 8;
   626  1E0  C08                	movlw	8
   627  1E1  02E                	movwf	_tmp1
   628  1E2                     l905:	
   629                           ;main.c: 255: while (tmp1) {
   630                           
   631  1E2  22E                	movf	_tmp1,f
   632  1E3  643                	btfsc	3,2
   633  1E4  BFD                	goto	l907
   634                           
   635                           ;main.c: 256: if (((hc164_shift._byte) & (1 <<((tmp1 - 1))))) GP0 = 1;
   636  1E5  20C                	movf	_hc164_shift,w
   637  1E6  03F                	movwf	31
   638  1E7  CFF                	movlw	-1
   639  1E8  1CE                	addwf	_tmp1,w
   640  1E9  03E                	movwf	30
   641  1EA  C01                	movlw	1
   642  1EB  2BE                	incf	30,f
   643  1EC  03D                	movwf	29
   644  1ED  BF0                	goto	u644
   645  1EE                     u645:	
   646  1EE  403                	clrc
   647  1EF  37D                	rlf	29,f
   648  1F0                     u644:	
   649  1F0  2FE                	decfsz	30,f
   650  1F1  BEE                	goto	u645
   651  1F2  21D                	movf	29,w
   652  1F3  15F                	andwf	31,w
   653  1F4  643                	btfsc	3,2
   654  1F5  BF8                	goto	l901
   655  1F6  506                	bsf	6,0	;volatile
   656  1F7  BF9                	goto	l84
   657  1F8                     l901:	
   658                           
   659                           ;main.c: 257: else GP0 = 0;
   660  1F8  406                	bcf	6,0	;volatile
   661  1F9                     l84:	
   662                           
   663                           ;main.c: 258: GP1 = 1;
   664  1F9  526                	bsf	6,1	;volatile
   665                           
   666                           ;main.c: 259: GP1 = 0;
   667  1FA  426                	bcf	6,1	;volatile
   668                           
   669                           ;main.c: 260: tmp1--;
   670  1FB  0EE                	decf	_tmp1,f
   671  1FC  BE2                	goto	l905
   672  1FD                     l907:	
   673                           
   674                           ;main.c: 261: }
   675                           ;main.c: 262: (sys_flags.b5 = 0);
   676  1FD  4AD                	bcf	_sys_flags,5
   677  1FE  AE7                	goto	l717
   678  1FF                     __end_of_main:	
   679  001C                     btemp	set	28	;btemp
   680  001C                     wtemp	set	28
   681  001C                     wtemp0	set	28
   682  001E                     wtemp1	set	30
   683  0020                     wtemp2	set	32
   684  0022                     wtemp3	set	34
   685  0024                     wtemp4	set	36
   686  0026                     wtemp5	set	38
   687  001D                     wtemp6	set	29
   688  001C                     ttemp	set	28
   689  001C                     ttemp0	set	28
   690  001F                     ttemp1	set	31
   691  0022                     ttemp2	set	34
   692  0025                     ttemp3	set	37
   693  001D                     ttemp4	set	29
   694  001C                     ltemp	set	28
   695  001C                     ltemp0	set	28
   696  0020                     ltemp1	set	32
   697  0024                     ltemp2	set	36
   698  001E                     ltemp3	set	30


Data Sizes:
    Strings     0
    Constant    0
    Data        0
    BSS         8
    Persistent  2
    Stack       0

Auto Spaces:
    Space          Size  Autos    Used
    COMMON            0      0       0
    BANK0            23      0      10

Pointer List with Targets:

    None.

Critical Paths under _main in COMMON

    None.

Critical Paths under _main in BANK0

    None.

Call Graph Tables:

 ---------------------------------------------------------------------------------
 (Depth) Function   	        Calls       Base Space   Used Autos Params    Refs
 ---------------------------------------------------------------------------------
 (0) _main                                                 0     0      0       0
 ---------------------------------------------------------------------------------
 Estimated maximum stack depth 0
 ---------------------------------------------------------------------------------

 Call Graph Graphs:

 _main (ROOT)

 Address spaces:
Name               Size   Autos  Total    Cost      Usage
STACK                0      0       0       0        0.0%
NULL                 0      0       0       0        0.0%
CODE                 0      0       0       0        0.0%
BITSFR0              0      0       0       1        0.0%
SFR0                 0      0       0       1        0.0%
DATA                 0      0       A       1        0.0%
BITCOMMON            0      0       0       2        0.0%
BITBANK0            17      0       0       3        0.0%
COMMON               0      0       0       4        0.0%
BANK0               17      0       A       5       43.5%
ABS                  0      0       A       6        0.0%


Microchip Technology PIC Macro Assembler V1.33 build 59893 
Symbol Table                                                                                   Thu May 17 16:28:30 2018

                     l51 015C                       l57 015B                       l84 01F9  
                     l79 01DB                       fsr 0004                      l801 0166  
                    l811 0170                      l803 01DD                      l731 00FB  
                    l723 00F2                      l901 01F8                      l805 0168  
                    l717 00E7                      l727 00F6                      l735 00FF  
                    l905 01E2                      l825 017E                      l833 0182  
                    l761 0123                      l907 01FD                      l819 0174  
                    l755 0120                      l853 01A6                      l861 01AA  
                    l749 011C                      l839 0192                      l847 0196  
                    l791 0159                      l775 0148                      l881 01CE  
                    l867 01BA                      l875 01BE                      l779 014A  
                    _GP0 0030                      l893 01DE                      _GP1 0031  
                    _GP2 0032                      _GP3 0033                      _GP4 0034  
                    l889 01DA                      _GP5 0035                      u644 01F0  
                    u645 01EE             __CFG_IDLOC0$ 0005             __CFG_IDLOC1$ 0009  
           __CFG_IDLOC2$ 0001             __CFG_IDLOC3$ 0003             __CFG_WDT$OFF 0000  
                   _GPIO 0006                     _TMR0 0001                     _TRIS 0006  
                   _main 00C0                     _tmp1 000E                     btemp 001C  
                   ltemp 001C                     start 0002                     ttemp 001C  
                   wtemp 001C                    ?_main 0000                    ltemp0 001C  
                  ltemp1 0020                    ltemp2 0024                    ltemp3 001E  
                  ttemp0 001C                    ttemp1 001F                    ttemp2 0022  
                  ttemp3 0025                    ttemp4 001D                    status 0003  
                  wtemp0 001C                    wtemp1 001E                    wtemp2 0020  
                  wtemp3 0022                    wtemp4 0024                    wtemp5 0026  
                  wtemp6 001D           __CFG_MCLRE$OFF 0000          __initialization 0003  
           __end_of_main 01FF                   ??_main 0000           __CFG_OSC$IntRC 0000  
                 _OPTION 0000  __end_of__initialization 000B           __pcstackCOMMON 0000  
            _hc164_shift 000C               __pbssBANK0 0007               __pmaintext 00C0  
                _led_tmr 000F             _dip_sw_value 0009                  _counter 0007  
   end_of_initialization 000B               _output_tmr 0010      start_initialization 0003  
              ___latbits 0000            __pcstackBANK0 0000                __pnvBANK0 000F  
            _dip_sw_pcnt 000B                _sys_flags 000D            __size_of_main 013F  
